  MainPrueba.cpp
C:\Users\luis-\OneDrive\Documentos\GitHub\TEORIA-PROYECTO-COMPUTACION-GRAFICA-2023\ProyectoFinal\Mesh.h(95,50): warning C4267: 'argumento': conversión de 'size_t' a 'GLsizei'; posible pérdida de datos
C:\Users\luis-\OneDrive\Documentos\GitHub\TEORIA-PROYECTO-COMPUTACION-GRAFICA-2023\ProyectoFinal\MainPrueba.cpp(281,24): warning C4244: 'inicializando': conversión de 'double' a 'GLfloat'; posible pérdida de datos
C:\Users\luis-\OneDrive\Documentos\GitHub\TEORIA-PROYECTO-COMPUTACION-GRAFICA-2023\ProyectoFinal\MainPrueba.cpp(568,21): warning C4244: '=': conversión de 'double' a 'T'; posible pérdida de datos
          with
          [
              T=float
          ]
C:\Users\luis-\OneDrive\Documentos\GitHub\TEORIA-PROYECTO-COMPUTACION-GRAFICA-2023\ProyectoFinal\MainPrueba.cpp(569,21): warning C4244: '=': conversión de 'double' a 'T'; posible pérdida de datos
          with
          [
              T=float
          ]
C:\Users\luis-\OneDrive\Documentos\GitHub\TEORIA-PROYECTO-COMPUTACION-GRAFICA-2023\ProyectoFinal\MainPrueba.cpp(570,21): warning C4244: '=': conversión de 'double' a 'T'; posible pérdida de datos
          with
          [
              T=float
          ]
C:\Users\luis-\OneDrive\Documentos\GitHub\TEORIA-PROYECTO-COMPUTACION-GRAFICA-2023\ProyectoFinal\MainPrueba.cpp(573,105): warning C4305: 'argumento': truncamiento de 'double' a 'GLfloat'
C:\Users\luis-\OneDrive\Documentos\GitHub\TEORIA-PROYECTO-COMPUTACION-GRAFICA-2023\ProyectoFinal\MainPrueba.cpp(573,99): warning C4305: 'argumento': truncamiento de 'double' a 'GLfloat'
C:\Users\luis-\OneDrive\Documentos\GitHub\TEORIA-PROYECTO-COMPUTACION-GRAFICA-2023\ProyectoFinal\MainPrueba.cpp(573,89): warning C4305: 'argumento': truncamiento de 'double' a 'GLfloat'
C:\Users\luis-\OneDrive\Documentos\GitHub\TEORIA-PROYECTO-COMPUTACION-GRAFICA-2023\ProyectoFinal\MainPrueba.cpp(581,111): warning C4305: 'argumento': truncamiento de 'double' a 'GLfloat'
C:\Users\luis-\OneDrive\Documentos\GitHub\TEORIA-PROYECTO-COMPUTACION-GRAFICA-2023\ProyectoFinal\MainPrueba.cpp(581,100): warning C4305: 'argumento': truncamiento de 'double' a 'GLfloat'
C:\Users\luis-\OneDrive\Documentos\GitHub\TEORIA-PROYECTO-COMPUTACION-GRAFICA-2023\ProyectoFinal\MainPrueba.cpp(581,89): warning C4305: 'argumento': truncamiento de 'double' a 'GLfloat'
C:\Users\luis-\OneDrive\Documentos\GitHub\TEORIA-PROYECTO-COMPUTACION-GRAFICA-2023\ProyectoFinal\MainPrueba.cpp(592,11): warning C4244: 'inicializando': conversión de 'genFIType' a 'float'; posible pérdida de datos
          with
          [
              genFIType=double
          ]
C:\Users\luis-\OneDrive\Documentos\GitHub\TEORIA-PROYECTO-COMPUTACION-GRAFICA-2023\ProyectoFinal\MainPrueba.cpp(598,108): warning C4305: 'argumento': truncamiento de 'double' a 'GLfloat'
C:\Users\luis-\OneDrive\Documentos\GitHub\TEORIA-PROYECTO-COMPUTACION-GRAFICA-2023\ProyectoFinal\MainPrueba.cpp(598,89): warning C4305: 'argumento': truncamiento de 'double' a 'GLfloat'
C:\Users\luis-\OneDrive\Documentos\GitHub\TEORIA-PROYECTO-COMPUTACION-GRAFICA-2023\ProyectoFinal\MainPrueba.cpp(607,109): warning C4305: 'argumento': truncamiento de 'double' a 'GLfloat'
C:\Users\luis-\OneDrive\Documentos\GitHub\TEORIA-PROYECTO-COMPUTACION-GRAFICA-2023\ProyectoFinal\MainPrueba.cpp(607,98): warning C4305: 'argumento': truncamiento de 'double' a 'GLfloat'
C:\Users\luis-\OneDrive\Documentos\GitHub\TEORIA-PROYECTO-COMPUTACION-GRAFICA-2023\ProyectoFinal\MainPrueba.cpp(607,88): warning C4305: 'argumento': truncamiento de 'double' a 'GLfloat'
C:\Users\luis-\OneDrive\Documentos\GitHub\TEORIA-PROYECTO-COMPUTACION-GRAFICA-2023\ProyectoFinal\MainPrueba.cpp(615,109): warning C4305: 'argumento': truncamiento de 'double' a 'GLfloat'
C:\Users\luis-\OneDrive\Documentos\GitHub\TEORIA-PROYECTO-COMPUTACION-GRAFICA-2023\ProyectoFinal\MainPrueba.cpp(615,98): warning C4305: 'argumento': truncamiento de 'double' a 'GLfloat'
C:\Users\luis-\OneDrive\Documentos\GitHub\TEORIA-PROYECTO-COMPUTACION-GRAFICA-2023\ProyectoFinal\MainPrueba.cpp(615,88): warning C4305: 'argumento': truncamiento de 'double' a 'GLfloat'
C:\Users\luis-\OneDrive\Documentos\GitHub\TEORIA-PROYECTO-COMPUTACION-GRAFICA-2023\ProyectoFinal\MainPrueba.cpp(623,111): warning C4305: 'argumento': truncamiento de 'double' a 'GLfloat'
C:\Users\luis-\OneDrive\Documentos\GitHub\TEORIA-PROYECTO-COMPUTACION-GRAFICA-2023\ProyectoFinal\MainPrueba.cpp(623,100): warning C4305: 'argumento': truncamiento de 'double' a 'GLfloat'
C:\Users\luis-\OneDrive\Documentos\GitHub\TEORIA-PROYECTO-COMPUTACION-GRAFICA-2023\ProyectoFinal\MainPrueba.cpp(623,89): warning C4305: 'argumento': truncamiento de 'double' a 'GLfloat'
C:\Users\luis-\OneDrive\Documentos\GitHub\TEORIA-PROYECTO-COMPUTACION-GRAFICA-2023\ProyectoFinal\MainPrueba.cpp(772,11): warning C4244: '=': conversión de 'double' a 'GLfloat'; posible pérdida de datos
C:\Users\luis-\OneDrive\Documentos\GitHub\TEORIA-PROYECTO-COMPUTACION-GRAFICA-2023\ProyectoFinal\MainPrueba.cpp(773,11): warning C4244: '=': conversión de 'double' a 'GLfloat'; posible pérdida de datos
C:\Users\luis-\OneDrive\Documentos\GitHub\TEORIA-PROYECTO-COMPUTACION-GRAFICA-2023\ProyectoFinal\MainPrueba.cpp(777,18): warning C4244: 'inicializando': conversión de 'double' a 'GLfloat'; posible pérdida de datos
C:\Users\luis-\OneDrive\Documentos\GitHub\TEORIA-PROYECTO-COMPUTACION-GRAFICA-2023\ProyectoFinal\MainPrueba.cpp(778,18): warning C4244: 'inicializando': conversión de 'double' a 'GLfloat'; posible pérdida de datos
C:\Users\luis-\OneDrive\Documentos\GitHub\TEORIA-PROYECTO-COMPUTACION-GRAFICA-2023\ProyectoFinal\MainPrueba.cpp(780,10): warning C4244: '=': conversión de 'double' a 'GLfloat'; posible pérdida de datos
C:\Users\luis-\OneDrive\Documentos\GitHub\TEORIA-PROYECTO-COMPUTACION-GRAFICA-2023\ProyectoFinal\MainPrueba.cpp(781,10): warning C4244: '=': conversión de 'double' a 'GLfloat'; posible pérdida de datos
MainPrueba.obj : error LNK2019: símbolo externo __imp_glewInit sin resolver al que se hace referencia en la función main
MainPrueba.obj : error LNK2019: símbolo externo glfwInit sin resolver al que se hace referencia en la función main
MainPrueba.obj : error LNK2019: símbolo externo glfwTerminate sin resolver al que se hace referencia en la función main
MainPrueba.obj : error LNK2019: símbolo externo glfwWindowHint sin resolver al que se hace referencia en la función main
MainPrueba.obj : error LNK2019: símbolo externo glfwCreateWindow sin resolver al que se hace referencia en la función main
MainPrueba.obj : error LNK2019: símbolo externo glfwWindowShouldClose sin resolver al que se hace referencia en la función main
MainPrueba.obj : error LNK2019: símbolo externo glfwSetWindowShouldClose sin resolver al que se hace referencia en la función "void __cdecl KeyCallback(struct GLFWwindow *,int,int,int,int)" (?KeyCallback@@YAXPEAUGLFWwindow@@HHHH@Z)
MainPrueba.obj : error LNK2019: símbolo externo glfwGetFramebufferSize sin resolver al que se hace referencia en la función main
MainPrueba.obj : error LNK2019: símbolo externo glfwPollEvents sin resolver al que se hace referencia en la función main
MainPrueba.obj : error LNK2019: símbolo externo glfwSetInputMode sin resolver al que se hace referencia en la función main
MainPrueba.obj : error LNK2019: símbolo externo glfwSetKeyCallback sin resolver al que se hace referencia en la función main
MainPrueba.obj : error LNK2019: símbolo externo glfwSetCursorPosCallback sin resolver al que se hace referencia en la función main
MainPrueba.obj : error LNK2019: símbolo externo glfwGetTime sin resolver al que se hace referencia en la función main
MainPrueba.obj : error LNK2019: símbolo externo glfwMakeContextCurrent sin resolver al que se hace referencia en la función main
MainPrueba.obj : error LNK2019: símbolo externo glfwSwapBuffers sin resolver al que se hace referencia en la función main
MainPrueba.obj : error LNK2019: símbolo externo stbi_load sin resolver al que se hace referencia en la función "public: static unsigned int __cdecl TextureLoading::LoadCubemap(class std::vector<char const *,class std::allocator<char const *> >)" (?LoadCubemap@TextureLoading@@SAIV?$vector@PEBDV?$allocator@PEBD@std@@@std@@@Z)
MainPrueba.obj : error LNK2019: símbolo externo stbi_image_free sin resolver al que se hace referencia en la función "public: static unsigned int __cdecl TextureLoading::LoadCubemap(class std::vector<char const *,class std::allocator<char const *> >)" (?LoadCubemap@TextureLoading@@SAIV?$vector@PEBDV?$allocator@PEBD@std@@@std@@@Z)
MainPrueba.obj : error LNK2019: símbolo externo SOIL_load_image sin resolver al que se hace referencia en la función "int __cdecl TextureFromFile(char const *,class std::basic_string<char,struct std::char_traits<char>,class std::allocator<char> >)" (?TextureFromFile@@YAHPEBDV?$basic_string@DU?$char_traits@D@std@@V?$allocator@D@2@@std@@@Z)
MainPrueba.obj : error LNK2019: símbolo externo SOIL_free_image_data sin resolver al que se hace referencia en la función "int __cdecl TextureFromFile(char const *,class std::basic_string<char,struct std::char_traits<char>,class std::allocator<char> >)" (?TextureFromFile@@YAHPEBDV?$basic_string@DU?$char_traits@D@std@@V?$allocator@D@2@@std@@@Z)
MainPrueba.obj : error LNK2019: símbolo externo "public: __cdecl Assimp::Importer::Importer(void)" (??0Importer@Assimp@@QEAA@XZ) sin resolver al que se hace referencia en la función "private: void __cdecl Model::loadModel(class std::basic_string<char,struct std::char_traits<char>,class std::allocator<char> >)" (?loadModel@Model@@AEAAXV?$basic_string@DU?$char_traits@D@std@@V?$allocator@D@2@@std@@@Z)
MainPrueba.obj : error LNK2019: símbolo externo "public: __cdecl Assimp::Importer::~Importer(void)" (??1Importer@Assimp@@QEAA@XZ) sin resolver al que se hace referencia en la función "private: void __cdecl Model::loadModel(class std::basic_string<char,struct std::char_traits<char>,class std::allocator<char> >)" (?loadModel@Model@@AEAAXV?$basic_string@DU?$char_traits@D@std@@V?$allocator@D@2@@std@@@Z)
MainPrueba.obj : error LNK2019: símbolo externo "public: struct aiScene const * __cdecl Assimp::Importer::ReadFile(char const *,unsigned int)" (?ReadFile@Importer@Assimp@@QEAAPEBUaiScene@@PEBDI@Z) sin resolver al que se hace referencia en la función "public: struct aiScene const * __cdecl Assimp::Importer::ReadFile(class std::basic_string<char,struct std::char_traits<char>,class std::allocator<char> > const &,unsigned int)" (?ReadFile@Importer@Assimp@@QEAAPEBUaiScene@@AEBV?$basic_string@DU?$char_traits@D@std@@V?$allocator@D@2@@std@@I@Z)
MainPrueba.obj : error LNK2019: símbolo externo "public: char const * __cdecl Assimp::Importer::GetErrorString(void)const " (?GetErrorString@Importer@Assimp@@QEBAPEBDXZ) sin resolver al que se hace referencia en la función "private: void __cdecl Model::loadModel(class std::basic_string<char,struct std::char_traits<char>,class std::allocator<char> >)" (?loadModel@Model@@AEAAXV?$basic_string@DU?$char_traits@D@std@@V?$allocator@D@2@@std@@@Z)
MainPrueba.obj : error LNK2019: símbolo externo aiGetMaterialTextureCount sin resolver al que se hace referencia en la función "public: unsigned int __cdecl aiMaterial::GetTextureCount(enum aiTextureType)const " (?GetTextureCount@aiMaterial@@QEBAIW4aiTextureType@@@Z)
MainPrueba.obj : error LNK2019: símbolo externo aiGetMaterialTexture sin resolver al que se hace referencia en la función "public: enum aiReturn __cdecl aiMaterial::GetTexture(enum aiTextureType,unsigned int,struct aiString *,enum aiTextureMapping *,unsigned int *,float *,enum aiTextureOp *,enum aiTextureMapMode *)const " (?GetTexture@aiMaterial@@QEBA?AW4aiReturn@@W4aiTextureType@@IPEAUaiString@@PEAW4aiTextureMapping@@PEAIPEAMPEAW4aiTextureOp@@PEAW4aiTextureMapMode@@@Z)
MainPrueba.obj : error LNK2019: símbolo externo __imp___glewActiveTexture sin resolver al que se hace referencia en la función "public: void __cdecl Mesh::Draw(class Shader)" (?Draw@Mesh@@QEAAXVShader@@@Z)
MainPrueba.obj : error LNK2019: símbolo externo __imp___glewBindBuffer sin resolver al que se hace referencia en la función "private: void __cdecl Mesh::setupMesh(void)" (?setupMesh@Mesh@@AEAAXXZ)
MainPrueba.obj : error LNK2019: símbolo externo __imp___glewBufferData sin resolver al que se hace referencia en la función "private: void __cdecl Mesh::setupMesh(void)" (?setupMesh@Mesh@@AEAAXXZ)
MainPrueba.obj : error LNK2019: símbolo externo __imp___glewGenBuffers sin resolver al que se hace referencia en la función "private: void __cdecl Mesh::setupMesh(void)" (?setupMesh@Mesh@@AEAAXXZ)
MainPrueba.obj : error LNK2019: símbolo externo __imp___glewAttachShader sin resolver al que se hace referencia en la función "public: __cdecl Shader::Shader(char const *,char const *)" (??0Shader@@QEAA@PEBD0@Z)
MainPrueba.obj : error LNK2019: símbolo externo __imp___glewCompileShader sin resolver al que se hace referencia en la función "public: __cdecl Shader::Shader(char const *,char const *)" (??0Shader@@QEAA@PEBD0@Z)
MainPrueba.obj : error LNK2019: símbolo externo __imp___glewCreateProgram sin resolver al que se hace referencia en la función "public: __cdecl Shader::Shader(char const *,char const *)" (??0Shader@@QEAA@PEBD0@Z)
MainPrueba.obj : error LNK2019: símbolo externo __imp___glewCreateShader sin resolver al que se hace referencia en la función "public: __cdecl Shader::Shader(char const *,char const *)" (??0Shader@@QEAA@PEBD0@Z)
MainPrueba.obj : error LNK2019: símbolo externo __imp___glewDeleteShader sin resolver al que se hace referencia en la función "public: __cdecl Shader::Shader(char const *,char const *)" (??0Shader@@QEAA@PEBD0@Z)
MainPrueba.obj : error LNK2019: símbolo externo __imp___glewEnableVertexAttribArray sin resolver al que se hace referencia en la función "private: void __cdecl Mesh::setupMesh(void)" (?setupMesh@Mesh@@AEAAXXZ)
MainPrueba.obj : error LNK2019: símbolo externo __imp___glewGetProgramInfoLog sin resolver al que se hace referencia en la función "public: __cdecl Shader::Shader(char const *,char const *)" (??0Shader@@QEAA@PEBD0@Z)
MainPrueba.obj : error LNK2019: símbolo externo __imp___glewGetProgramiv sin resolver al que se hace referencia en la función "public: __cdecl Shader::Shader(char const *,char const *)" (??0Shader@@QEAA@PEBD0@Z)
MainPrueba.obj : error LNK2019: símbolo externo __imp___glewGetShaderInfoLog sin resolver al que se hace referencia en la función "public: __cdecl Shader::Shader(char const *,char const *)" (??0Shader@@QEAA@PEBD0@Z)
MainPrueba.obj : error LNK2019: símbolo externo __imp___glewGetShaderiv sin resolver al que se hace referencia en la función "public: __cdecl Shader::Shader(char const *,char const *)" (??0Shader@@QEAA@PEBD0@Z)
MainPrueba.obj : error LNK2019: símbolo externo __imp___glewGetUniformLocation sin resolver al que se hace referencia en la función "public: __cdecl Shader::Shader(char const *,char const *)" (??0Shader@@QEAA@PEBD0@Z)
MainPrueba.obj : error LNK2019: símbolo externo __imp___glewLinkProgram sin resolver al que se hace referencia en la función "public: __cdecl Shader::Shader(char const *,char const *)" (??0Shader@@QEAA@PEBD0@Z)
MainPrueba.obj : error LNK2019: símbolo externo __imp___glewShaderSource sin resolver al que se hace referencia en la función "public: __cdecl Shader::Shader(char const *,char const *)" (??0Shader@@QEAA@PEBD0@Z)
MainPrueba.obj : error LNK2019: símbolo externo __imp___glewUniform1f sin resolver al que se hace referencia en la función "public: void __cdecl Mesh::Draw(class Shader)" (?Draw@Mesh@@QEAAXVShader@@@Z)
MainPrueba.obj : error LNK2019: símbolo externo __imp___glewUniform1i sin resolver al que se hace referencia en la función "public: void __cdecl Mesh::Draw(class Shader)" (?Draw@Mesh@@QEAAXVShader@@@Z)
MainPrueba.obj : error LNK2019: símbolo externo __imp___glewUniform3f sin resolver al que se hace referencia en la función main
MainPrueba.obj : error LNK2019: símbolo externo __imp___glewUniform4f sin resolver al que se hace referencia en la función main
MainPrueba.obj : error LNK2019: símbolo externo __imp___glewUniformMatrix4fv sin resolver al que se hace referencia en la función main
MainPrueba.obj : error LNK2019: símbolo externo __imp___glewUseProgram sin resolver al que se hace referencia en la función "public: void __cdecl Shader::Use(void)" (?Use@Shader@@QEAAXXZ)
MainPrueba.obj : error LNK2019: símbolo externo __imp___glewVertexAttribPointer sin resolver al que se hace referencia en la función "private: void __cdecl Mesh::setupMesh(void)" (?setupMesh@Mesh@@AEAAXXZ)
MainPrueba.obj : error LNK2019: símbolo externo __imp___glewGenerateMipmap sin resolver al que se hace referencia en la función "int __cdecl TextureFromFile(char const *,class std::basic_string<char,struct std::char_traits<char>,class std::allocator<char> >)" (?TextureFromFile@@YAHPEBDV?$basic_string@DU?$char_traits@D@std@@V?$allocator@D@2@@std@@@Z)
MainPrueba.obj : error LNK2019: símbolo externo __imp___glewBindVertexArray sin resolver al que se hace referencia en la función "public: void __cdecl Mesh::Draw(class Shader)" (?Draw@Mesh@@QEAAXVShader@@@Z)
MainPrueba.obj : error LNK2019: símbolo externo __imp___glewGenVertexArrays sin resolver al que se hace referencia en la función "private: void __cdecl Mesh::setupMesh(void)" (?setupMesh@Mesh@@AEAAXXZ)
MainPrueba.obj : error LNK2019: símbolo externo __imp_glewExperimental sin resolver al que se hace referencia en la función main
C:\Users\luis-\OneDrive\Documentos\GitHub\TEORIA-PROYECTO-COMPUTACION-GRAFICA-2023\\External Libraries\GLEW\lib\Release\Win32\glew32.lib : warning LNK4272: el tipo de máquina de biblioteca 'x86' está en conflicto con el tipo de máquina de destino 'x64'
C:\Users\luis-\OneDrive\Documentos\GitHub\TEORIA-PROYECTO-COMPUTACION-GRAFICA-2023\\External Libraries\GLFW\lib-vc2015\glfw3.lib : warning LNK4272: el tipo de máquina de biblioteca 'x86' está en conflicto con el tipo de máquina de destino 'x64'
C:\Users\luis-\OneDrive\Documentos\GitHub\TEORIA-PROYECTO-COMPUTACION-GRAFICA-2023\\External Libraries\assimp\lib\assimp-vc140-mt.lib : warning LNK4272: el tipo de máquina de biblioteca 'x86' está en conflicto con el tipo de máquina de destino 'x64'
C:\Users\luis-\OneDrive\Documentos\GitHub\TEORIA-PROYECTO-COMPUTACION-GRAFICA-2023\\External Libraries\SOIL2\lib\soil2-debug.lib : warning LNK4272: el tipo de máquina de biblioteca 'x86' está en conflicto con el tipo de máquina de destino 'x64'
C:\Users\luis-\OneDrive\Documentos\GitHub\TEORIA-PROYECTO-COMPUTACION-GRAFICA-2023\x64\Debug\ProyectoFinal.exe : fatal error LNK1120: 53 externos sin resolver
