  MainPrueba.cpp
D:\Freelance\CompuGrafica\Repositorio\316173670_PROYECTOFINAL2024-1_GRUPO7\ProyectoFinal\MainPrueba.cpp(281,24): warning C4244: 'inicializando': conversión de 'double' a 'GLfloat'; posible pérdida de datos
D:\Freelance\CompuGrafica\Repositorio\316173670_PROYECTOFINAL2024-1_GRUPO7\ProyectoFinal\MainPrueba.cpp(568,21): warning C4244: '=': conversión de 'double' a 'T'; posible pérdida de datos
          with
          [
              T=float
          ]
D:\Freelance\CompuGrafica\Repositorio\316173670_PROYECTOFINAL2024-1_GRUPO7\ProyectoFinal\MainPrueba.cpp(569,21): warning C4244: '=': conversión de 'double' a 'T'; posible pérdida de datos
          with
          [
              T=float
          ]
D:\Freelance\CompuGrafica\Repositorio\316173670_PROYECTOFINAL2024-1_GRUPO7\ProyectoFinal\MainPrueba.cpp(570,21): warning C4244: '=': conversión de 'double' a 'T'; posible pérdida de datos
          with
          [
              T=float
          ]
D:\Freelance\CompuGrafica\Repositorio\316173670_PROYECTOFINAL2024-1_GRUPO7\ProyectoFinal\MainPrueba.cpp(573,105): warning C4305: 'argumento': truncamiento de 'double' a 'GLfloat'
D:\Freelance\CompuGrafica\Repositorio\316173670_PROYECTOFINAL2024-1_GRUPO7\ProyectoFinal\MainPrueba.cpp(573,99): warning C4305: 'argumento': truncamiento de 'double' a 'GLfloat'
D:\Freelance\CompuGrafica\Repositorio\316173670_PROYECTOFINAL2024-1_GRUPO7\ProyectoFinal\MainPrueba.cpp(573,89): warning C4305: 'argumento': truncamiento de 'double' a 'GLfloat'
D:\Freelance\CompuGrafica\Repositorio\316173670_PROYECTOFINAL2024-1_GRUPO7\ProyectoFinal\MainPrueba.cpp(581,111): warning C4305: 'argumento': truncamiento de 'double' a 'GLfloat'
D:\Freelance\CompuGrafica\Repositorio\316173670_PROYECTOFINAL2024-1_GRUPO7\ProyectoFinal\MainPrueba.cpp(581,100): warning C4305: 'argumento': truncamiento de 'double' a 'GLfloat'
D:\Freelance\CompuGrafica\Repositorio\316173670_PROYECTOFINAL2024-1_GRUPO7\ProyectoFinal\MainPrueba.cpp(581,89): warning C4305: 'argumento': truncamiento de 'double' a 'GLfloat'
D:\Freelance\CompuGrafica\Repositorio\316173670_PROYECTOFINAL2024-1_GRUPO7\ProyectoFinal\MainPrueba.cpp(592,11): warning C4244: 'inicializando': conversión de 'genFIType' a 'float'; posible pérdida de datos
          with
          [
              genFIType=double
          ]
D:\Freelance\CompuGrafica\Repositorio\316173670_PROYECTOFINAL2024-1_GRUPO7\ProyectoFinal\MainPrueba.cpp(598,108): warning C4305: 'argumento': truncamiento de 'double' a 'GLfloat'
D:\Freelance\CompuGrafica\Repositorio\316173670_PROYECTOFINAL2024-1_GRUPO7\ProyectoFinal\MainPrueba.cpp(598,89): warning C4305: 'argumento': truncamiento de 'double' a 'GLfloat'
D:\Freelance\CompuGrafica\Repositorio\316173670_PROYECTOFINAL2024-1_GRUPO7\ProyectoFinal\MainPrueba.cpp(607,109): warning C4305: 'argumento': truncamiento de 'double' a 'GLfloat'
D:\Freelance\CompuGrafica\Repositorio\316173670_PROYECTOFINAL2024-1_GRUPO7\ProyectoFinal\MainPrueba.cpp(607,98): warning C4305: 'argumento': truncamiento de 'double' a 'GLfloat'
D:\Freelance\CompuGrafica\Repositorio\316173670_PROYECTOFINAL2024-1_GRUPO7\ProyectoFinal\MainPrueba.cpp(607,88): warning C4305: 'argumento': truncamiento de 'double' a 'GLfloat'
D:\Freelance\CompuGrafica\Repositorio\316173670_PROYECTOFINAL2024-1_GRUPO7\ProyectoFinal\MainPrueba.cpp(615,109): warning C4305: 'argumento': truncamiento de 'double' a 'GLfloat'
D:\Freelance\CompuGrafica\Repositorio\316173670_PROYECTOFINAL2024-1_GRUPO7\ProyectoFinal\MainPrueba.cpp(615,98): warning C4305: 'argumento': truncamiento de 'double' a 'GLfloat'
D:\Freelance\CompuGrafica\Repositorio\316173670_PROYECTOFINAL2024-1_GRUPO7\ProyectoFinal\MainPrueba.cpp(615,88): warning C4305: 'argumento': truncamiento de 'double' a 'GLfloat'
D:\Freelance\CompuGrafica\Repositorio\316173670_PROYECTOFINAL2024-1_GRUPO7\ProyectoFinal\MainPrueba.cpp(623,111): warning C4305: 'argumento': truncamiento de 'double' a 'GLfloat'
D:\Freelance\CompuGrafica\Repositorio\316173670_PROYECTOFINAL2024-1_GRUPO7\ProyectoFinal\MainPrueba.cpp(623,100): warning C4305: 'argumento': truncamiento de 'double' a 'GLfloat'
D:\Freelance\CompuGrafica\Repositorio\316173670_PROYECTOFINAL2024-1_GRUPO7\ProyectoFinal\MainPrueba.cpp(623,89): warning C4305: 'argumento': truncamiento de 'double' a 'GLfloat'
D:\Freelance\CompuGrafica\Repositorio\316173670_PROYECTOFINAL2024-1_GRUPO7\ProyectoFinal\MainPrueba.cpp(772,11): warning C4244: '=': conversión de 'double' a 'GLfloat'; posible pérdida de datos
D:\Freelance\CompuGrafica\Repositorio\316173670_PROYECTOFINAL2024-1_GRUPO7\ProyectoFinal\MainPrueba.cpp(773,11): warning C4244: '=': conversión de 'double' a 'GLfloat'; posible pérdida de datos
D:\Freelance\CompuGrafica\Repositorio\316173670_PROYECTOFINAL2024-1_GRUPO7\ProyectoFinal\MainPrueba.cpp(777,18): warning C4244: 'inicializando': conversión de 'double' a 'GLfloat'; posible pérdida de datos
D:\Freelance\CompuGrafica\Repositorio\316173670_PROYECTOFINAL2024-1_GRUPO7\ProyectoFinal\MainPrueba.cpp(778,18): warning C4244: 'inicializando': conversión de 'double' a 'GLfloat'; posible pérdida de datos
D:\Freelance\CompuGrafica\Repositorio\316173670_PROYECTOFINAL2024-1_GRUPO7\ProyectoFinal\MainPrueba.cpp(780,10): warning C4244: '=': conversión de 'double' a 'GLfloat'; posible pérdida de datos
D:\Freelance\CompuGrafica\Repositorio\316173670_PROYECTOFINAL2024-1_GRUPO7\ProyectoFinal\MainPrueba.cpp(781,10): warning C4244: '=': conversión de 'double' a 'GLfloat'; posible pérdida de datos
soil2-debug.lib(SOIL2.obj) : warning LNK4075: se omite '/EDITANDCONTINUE' debido a la especificación '/OPT:ICF'
LINK : warning LNK4098: la biblioteca predeterminada'MSVCRTD' entra en conflicto con otras bibliotecas; use la biblioteca /NODEFAULTLIB:biblioteca
  Generando código
  9 of 686 functions ( 1.3%) were compiled, the rest were copied from previous compilation.
    0 functions were new in current compilation
    0 functions had inline decision re-evaluated but remain unchanged
  Generación de código finalizada
soil2-debug.lib(etc1_utils.obj) : warning LNK4099: no se encontró PDB '' con 'soil2-debug.lib(etc1_utils.obj)' o en ''; se vinculará el objeto sin tener en cuenta información de depuración
soil2-debug.lib(image_DXT.obj) : warning LNK4099: no se encontró PDB '' con 'soil2-debug.lib(image_DXT.obj)' o en ''; se vinculará el objeto sin tener en cuenta información de depuración
soil2-debug.lib(image_helper.obj) : warning LNK4099: no se encontró PDB '' con 'soil2-debug.lib(image_helper.obj)' o en ''; se vinculará el objeto sin tener en cuenta información de depuración
soil2-debug.lib(SOIL2.obj) : warning LNK4099: no se encontró PDB '' con 'soil2-debug.lib(SOIL2.obj)' o en ''; se vinculará el objeto sin tener en cuenta información de depuración
  ProyectoFinal.vcxproj -> D:\Freelance\CompuGrafica\Repositorio\316173670_PROYECTOFINAL2024-1_GRUPO7\Release\ProyectoFinal.exe
